[pendaftaran-bansos-2024.1p-ly.com/id1/index.html]
[cdn.jsdelivr.net/npm/bootstrap@5.0.2/dist/css/bootstrap.min.css]
[pendaftaran-bansos-2024.1p-ly.com/id1/css/custom.css]
[backblue.gif]
[fade.gif]
[index.html]
[pendaftaran-bansos-2024.1p-ly.com/id1/css/menebus.css]
[pendaftaran-bansos-2024.1p-ly.com/id1/1.jpg]
[pendaftaran-bansos-2024.1p-ly.com/id1/favicon.png]
[cdn.jsdelivr.net/npm/bootstrap-icons@1.4.1/font/bootstrap-icons.css]
[pendaftaran-bansos-2024.1p-ly.com/id1/js/vue.min.js.download]
[pendaftaran-bansos-2024.1p-ly.com/id1/js/clipboard.js.download]
[pendaftaran-bansos-2024.1p-ly.com/id1/js/index.js.download]
[cdn.jsdelivr.net/npm/slick-carousel@1.8.1/slick/slick.css]
[cdn.jsdelivr.net/npm/slick-carousel@1.8.1/slick/slick-theme.css]
[pendaftaran-bansos-2024.1p-ly.com/id1/img/processing.gif]
[pendaftaran-bansos-2024.1p-ly.com/id1/index-2.html]
[pendaftaran-bansos-2024.1p-ly.com/id1/js/bootstrap.min.js]
[pendaftaran-bansos-2024.1p-ly.com/id1/js/bs-init.js]
[pendaftaran-bansos-2024.1p-ly.com/id1/js/intlTelInput.js]
[pendaftaran-bansos-2024.1p-ly.com/id1/js/utils.js]
[pendaftaran-bansos-2024.1p-ly.com/id1/js/script.js]
[cdnjs.cloudflare.com/ajax/libs/jquery/3.5.1/jquery.min.js]
[cdn.jsdelivr.net/npm/slick-carousel@1.8.1/slick/slick.min.js]
[code.jquery.com/jquery-3.7.1.min.js]
[code.jquery.com/jquery-1.10.2.min.js]
[ajax.googleapis.com/ajax/libs/jquery/2.1.1/jquery.min.js]
[ajax.googleapis.com/ajax/libs/jquery/2.1.3/jquery.min.js]
[pendaftaran-bansos-2024.1p-ly.com/id1/index.html]
[cdn.jsdelivr.net/npm/bootstrap@5.0.2/dist/css/bootstrap.min.css]
[pendaftaran-bansos-2024.1p-ly.com/id1/css/custom.css]
[pendaftaran-bansos-2024.1p-ly.com/id1/css/menebus.css]
[pendaftaran-bansos-2024.1p-ly.com/id1/favicon.html]
[pendaftaran-bansos-2024.1p-ly.com/id1/js/jquery-3.4.1.min.js.download]
[cdn.jsdelivr.net/npm/bootstrap-icons@1.4.1/font/fonts/bootstrap-iconsfb95.woff2]
[cdn.jsdelivr.net/npm/bootstrap-icons@1.4.1/font/fonts/bootstrap-iconsfb95.woff]
[cdn.jsdelivr.net/npm/bootstrap-icons@1.4.1/font/bootstrap-icons.css]
[cdn.jsdelivr.net/npm/slick-carousel@1.8.1/slick/slick.css]
[cdn.jsdelivr.net/npm/slick-carousel@1.8.1/slick/ajax-loader.gif]
[cdn.jsdelivr.net/npm/slick-carousel@1.8.1/slick/fonts/slick.eot]
[cdn.jsdelivr.net/npm/slick-carousel@1.8.1/slick/fonts/slickd41d.eot]
[cdn.jsdelivr.net/npm/slick-carousel@1.8.1/slick/fonts/slick.woff]
[cdn.jsdelivr.net/npm/slick-carousel@1.8.1/slick/fonts/slick.ttf]
[cdn.jsdelivr.net/npm/slick-carousel@1.8.1/slick/slick-theme.css]
[pendaftaran-bansos-2024.1p-ly.com/id1/index-2.html]
[pendaftaran-bansos-2024.1p-ly.com/id1/js/bootstrap.min.html]
[pendaftaran-bansos-2024.1p-ly.com/id1/js/bs-init.html]
[pendaftaran-bansos-2024.1p-ly.com/id1/js/intlTelInput.html]
[pendaftaran-bansos-2024.1p-ly.com/id1/js/utils.html]
[cdn.jsdelivr.net/npm/slick-carousel@1.8.1/slick/fonts/slick.svg]
[cdn.jsdelivr.net/npm/slick-carousel@1.8.1/slick/fonts/slick.svg]
